

Processing Rails::InfoController#properties (for 127.0.0.1 at 2010-08-19 09:58:21) [GET]
  [4;36;1mSQL (0.4ms)[0m   [0;1m SELECT name
 FROM sqlite_master
 WHERE type = 'table' AND NOT name = 'sqlite_sequence'
[0m
Completed in 78ms (View: 9, DB: 0) | 200 OK [http://localhost/rails/info/properties]
  [4;36;1mSQL (0.2ms)[0m   [0;1m SELECT name
 FROM sqlite_master
 WHERE type = 'table' AND NOT name = 'sqlite_sequence'
[0m
  [4;35;1mSQL (0.1ms)[0m   [0mselect sqlite_version(*)[0m
  [4;36;1mSQL (50.4ms)[0m   [0;1mCREATE TABLE "schema_migrations" ("version" varchar(255) NOT NULL) [0m
  [4;35;1mSQL (0.2ms)[0m   [0mPRAGMA index_list("schema_migrations")[0m
  [4;36;1mSQL (2.8ms)[0m   [0;1mCREATE UNIQUE INDEX "unique_schema_migrations" ON "schema_migrations" ("version")[0m
  [4;35;1mSQL (0.3ms)[0m   [0m SELECT name
 FROM sqlite_master
 WHERE type = 'table' AND NOT name = 'sqlite_sequence'
[0m
  [4;36;1mSQL (0.1ms)[0m   [0;1mSELECT version FROM schema_migrations[0m
Migrating to CreateAccounts (20100819140611)
  [4;35;1mSQL (0.6ms)[0m   [0mCREATE TABLE "accounts" ("id" INTEGER PRIMARY KEY AUTOINCREMENT NOT NULL, "name" varchar(255), "contact_firstname" varchar(255), "contact_lastname" varchar(255), "contact_email" varchar(255), "start_date" date, "plan" varchar(255), "created_at" datetime, "updated_at" datetime) [0m
  [4;36;1mSQL (0.2ms)[0m   [0;1mINSERT INTO schema_migrations (version) VALUES ('20100819140611')[0m
  [4;35;1mSQL (0.3ms)[0m   [0m SELECT name
 FROM sqlite_master
 WHERE type = 'table' AND NOT name = 'sqlite_sequence'
[0m
  [4;36;1mSQL (0.2ms)[0m   [0;1mSELECT version FROM schema_migrations[0m
  [4;35;1mSQL (0.2ms)[0m   [0m SELECT name
 FROM sqlite_master
 WHERE type = 'table' AND NOT name = 'sqlite_sequence'
[0m
  [4;36;1mSQL (0.0ms)[0m   [0;1mPRAGMA index_list("accounts")[0m


Processing AccountsController#index (for 127.0.0.1 at 2010-08-19 10:06:36) [GET]
  [4;35;1mAccount Load (0.4ms)[0m   [0mSELECT * FROM "accounts" [0m
Rendering template within layouts/accounts
Rendering accounts/index
Completed in 82ms (View: 77, DB: 0) | 200 OK [http://localhost/accounts]


Processing AccountsController#new (for 127.0.0.1 at 2010-08-19 10:06:39) [GET]
Rendering template within layouts/accounts
Rendering accounts/new
Completed in 28ms (View: 23, DB: 0) | 200 OK [http://localhost/accounts/new]


Processing AccountsController#create (for 127.0.0.1 at 2010-08-19 10:07:03) [POST]
  Parameters: {"commit"=>"Create", "authenticity_token"=>"rTFWc9euo++xg8Oi8JJVc1U3HfLNESN+clwoythKcKo=", "account"=>{"plan"=>"Corporate", "start_date(1i)"=>"2010", "name"=>"TRX", "start_date(2i)"=>"8", "start_date(3i)"=>"19", "contact_lastname"=>"Aycock", "contact_email"=>"aaron.aycock@trx.com", "contact_firstname"=>"Aaron"}}
  [4;36;1mAccount Create (0.5ms)[0m   [0;1mINSERT INTO "accounts" ("name", "start_date", "plan", "created_at", "updated_at", "contact_lastname", "contact_email", "contact_firstname") VALUES('TRX', '2010-08-19', 'Corporate', '2010-08-19 14:07:03', '2010-08-19 14:07:03', 'Aycock', 'aaron.aycock@trx.com', 'Aaron')[0m
Redirected to http://localhost:3000/accounts/1
Completed in 71ms (DB: 1) | 302 Found [http://localhost/accounts]


Processing AccountsController#show (for 127.0.0.1 at 2010-08-19 10:07:03) [GET]
  Parameters: {"id"=>"1"}
  [4;35;1mAccount Load (0.2ms)[0m   [0mSELECT * FROM "accounts" WHERE ("accounts"."id" = 1) [0m
Rendering template within layouts/accounts
Rendering accounts/show
Completed in 13ms (View: 7, DB: 0) | 200 OK [http://localhost/accounts/1]


Processing AccountsController#index (for 127.0.0.1 at 2010-08-19 10:07:06) [GET]
  [4;36;1mAccount Load (0.8ms)[0m   [0;1mSELECT * FROM "accounts" [0m
Rendering template within layouts/accounts
Rendering accounts/index
Completed in 76ms (View: 7, DB: 1) | 200 OK [http://localhost/accounts]


Processing AccountsController#show (for 127.0.0.1 at 2010-08-19 10:07:10) [GET]
  Parameters: {"id"=>"1"}
  [4;35;1mAccount Load (0.3ms)[0m   [0mSELECT * FROM "accounts" WHERE ("accounts"."id" = 1) [0m
Rendering template within layouts/accounts
Rendering accounts/show
Completed in 9ms (View: 3, DB: 0) | 200 OK [http://localhost/accounts/1]


Processing AccountsController#edit (for 127.0.0.1 at 2010-08-19 10:07:12) [GET]
  Parameters: {"id"=>"1"}
  [4;36;1mAccount Load (0.2ms)[0m   [0;1mSELECT * FROM "accounts" WHERE ("accounts"."id" = 1) [0m
Rendering template within layouts/accounts
Rendering accounts/edit
Completed in 23ms (View: 18, DB: 0) | 200 OK [http://localhost/accounts/1/edit]


Processing AccountsController#update (for 127.0.0.1 at 2010-08-19 10:07:17) [PUT]
  Parameters: {"commit"=>"Update", "authenticity_token"=>"rTFWc9euo++xg8Oi8JJVc1U3HfLNESN+clwoythKcKo=", "account"=>{"plan"=>"Corporate", "start_date(1i)"=>"2010", "name"=>"TRX", "start_date(2i)"=>"8", "start_date(3i)"=>"7", "contact_lastname"=>"Aycock", "contact_email"=>"aaron.aycock@trx.com", "contact_firstname"=>"Aaron"}, "id"=>"1"}
  [4;35;1mAccount Load (0.2ms)[0m   [0mSELECT * FROM "accounts" WHERE ("accounts"."id" = 1) [0m
  [4;36;1mAccount Update (0.3ms)[0m   [0;1mUPDATE "accounts" SET "updated_at" = '2010-08-19 14:07:17', "start_date" = '2010-08-07' WHERE "id" = 1[0m
Redirected to http://localhost:3000/accounts/1
Completed in 48ms (DB: 1) | 302 Found [http://localhost/accounts/1]


Processing AccountsController#show (for 127.0.0.1 at 2010-08-19 10:07:17) [GET]
  Parameters: {"id"=>"1"}
  [4;35;1mAccount Load (0.2ms)[0m   [0mSELECT * FROM "accounts" WHERE ("accounts"."id" = 1) [0m
Rendering template within layouts/accounts
Rendering accounts/show
Completed in 9ms (View: 3, DB: 0) | 200 OK [http://localhost/accounts/1]


Processing AccountsController#index (for 127.0.0.1 at 2010-08-19 10:10:00) [GET]
  [4;36;1mAccount Load (0.7ms)[0m   [0;1mSELECT * FROM "accounts" [0m
Rendering template within layouts/accounts
Rendering accounts/index
Completed in 11ms (View: 7, DB: 1) | 200 OK [http://localhost/accounts]


Processing AccountsController#edit (for 127.0.0.1 at 2010-08-19 10:11:38) [GET]
  Parameters: {"id"=>"1"}
  [4;35;1mAccount Load (0.3ms)[0m   [0mSELECT * FROM "accounts" WHERE ("accounts"."id" = 1) [0m
Rendering template within layouts/accounts
Rendering accounts/edit
Completed in 20ms (View: 14, DB: 0) | 200 OK [http://localhost/accounts/1/edit]


Processing AccountsController#update (for 127.0.0.1 at 2010-08-19 10:11:49) [PUT]
  Parameters: {"commit"=>"Update", "authenticity_token"=>"rTFWc9euo++xg8Oi8JJVc1U3HfLNESN+clwoythKcKo=", "account"=>{"plan"=>"Corporate", "start_date(1i)"=>"2010", "name"=>"", "start_date(2i)"=>"8", "start_date(3i)"=>"7", "contact_lastname"=>"Aycock", "contact_email"=>"aaron.aycock@trx.com", "contact_firstname"=>"Aaron"}, "id"=>"1"}
  [4;36;1mAccount Load (0.2ms)[0m   [0;1mSELECT * FROM "accounts" WHERE ("accounts"."id" = 1) [0m
Rendering template within layouts/accounts
Rendering accounts/edit
Completed in 95ms (View: 86, DB: 0) | 200 OK [http://localhost/accounts/1]


Processing AccountsController#update (for 127.0.0.1 at 2010-08-19 10:11:54) [PUT]
  Parameters: {"commit"=>"Update", "authenticity_token"=>"rTFWc9euo++xg8Oi8JJVc1U3HfLNESN+clwoythKcKo=", "account"=>{"plan"=>"Corporate", "start_date(1i)"=>"2010", "name"=>"TRX", "start_date(2i)"=>"8", "start_date(3i)"=>"7", "contact_lastname"=>"Aycock", "contact_email"=>"aaron.aycock@trx.com", "contact_firstname"=>"Aaron"}, "id"=>"1"}
  [4;35;1mAccount Load (0.3ms)[0m   [0mSELECT * FROM "accounts" WHERE ("accounts"."id" = 1) [0m
Redirected to http://localhost:3000/accounts/1
Completed in 11ms (DB: 0) | 302 Found [http://localhost/accounts/1]


Processing AccountsController#show (for 127.0.0.1 at 2010-08-19 10:11:54) [GET]
  Parameters: {"id"=>"1"}
  [4;36;1mAccount Load (0.8ms)[0m   [0;1mSELECT * FROM "accounts" WHERE ("accounts"."id" = 1) [0m
Rendering template within layouts/accounts
Rendering accounts/show
Completed in 10ms (View: 3, DB: 1) | 200 OK [http://localhost/accounts/1]


Processing AccountsController#index (for 127.0.0.1 at 2010-08-19 10:13:10) [GET]
  [4;35;1mAccount Load (0.5ms)[0m   [0mSELECT * FROM "accounts" [0m
Rendering template within layouts/accounts
Rendering accounts/index
Completed in 11ms (View: 6, DB: 0) | 200 OK [http://localhost/accounts]


Processing AccountsController#index to xml (for 127.0.0.1 at 2010-08-19 10:13:14) [GET]
  [4;36;1mAccount Load (0.6ms)[0m   [0;1mSELECT * FROM "accounts" [0m
Completed in 9ms (View: 4, DB: 1) | 200 OK [http://localhost/accounts.xml]


Processing AccountsController#index to json (for 127.0.0.1 at 2010-08-19 10:13:40) [GET]
  [4;35;1mAccount Load (0.5ms)[0m   [0mSELECT * FROM "accounts" [0m
Completed in 6ms (View: 1, DB: 1) | 406 Not Acceptable [http://localhost/accounts.json]


Processing AccountsController#index to json (for 127.0.0.1 at 2010-08-19 10:15:01) [GET]
  [4;36;1mAccount Load (0.5ms)[0m   [0;1mSELECT * FROM "accounts" [0m
Completed in 5ms (View: 1, DB: 0) | 200 OK [http://localhost/accounts.json]


Processing AccountsController#index to json (for 127.0.0.1 at 2010-08-19 10:15:28) [GET]
  [4;35;1mAccount Load (0.5ms)[0m   [0mSELECT * FROM "accounts" [0m
Completed in 8ms (View: 4, DB: 1) | 200 OK [http://localhost/accounts.json]


Processing AccountsController#edit (for 127.0.0.1 at 2010-08-19 10:21:01) [GET]
  Parameters: {"id"=>"1"}
Filter chain halted as [:authenticate] rendered_or_redirected.
Completed in 1ms (View: 1, DB: 0) | 401 Unauthorized [http://localhost/accounts/1/edit]


Processing AccountsController#edit (for 127.0.0.1 at 2010-08-19 10:21:06) [GET]
  Parameters: {"id"=>"1"}
  [4;36;1mAccount Load (0.3ms)[0m   [0;1mSELECT * FROM "accounts" WHERE ("accounts"."id" = 1) [0m
Rendering template within layouts/accounts
Rendering accounts/edit
Completed in 91ms (View: 84, DB: 0) | 200 OK [http://localhost/accounts/1/edit]


Processing AccountsController#index (for 127.0.0.1 at 2010-08-19 10:21:08) [GET]
  [4;35;1mAccount Load (0.5ms)[0m   [0mSELECT * FROM "accounts" [0m
Rendering template within layouts/accounts
Rendering accounts/index
Completed in 11ms (View: 6, DB: 0) | 200 OK [http://localhost/accounts]


Processing AccountsController#edit (for 127.0.0.1 at 2010-08-19 10:21:09) [GET]
  Parameters: {"id"=>"1"}
  [4;36;1mAccount Load (0.3ms)[0m   [0;1mSELECT * FROM "accounts" WHERE ("accounts"."id" = 1) [0m
Rendering template within layouts/accounts
Rendering accounts/edit
Completed in 19ms (View: 13, DB: 0) | 200 OK [http://localhost/accounts/1/edit]


Processing AccountsController#index (for 127.0.0.1 at 2010-08-19 10:21:10) [GET]
  [4;35;1mAccount Load (0.5ms)[0m   [0mSELECT * FROM "accounts" [0m
Rendering template within layouts/accounts
Rendering accounts/index
Completed in 11ms (View: 6, DB: 1) | 200 OK [http://localhost/accounts]
  [4;36;1mSQL (0.4ms)[0m   [0;1m SELECT name
 FROM sqlite_master
 WHERE type = 'table' AND NOT name = 'sqlite_sequence'
[0m
  [4;35;1mSQL (0.1ms)[0m   [0mSELECT version FROM schema_migrations[0m
Migrating to CreateAccounts (20100819140611)
Migrating to CreateServices (20100819142228)
  [4;36;1mSQL (0.1ms)[0m   [0;1mselect sqlite_version(*)[0m
  [4;35;1mSQL (0.5ms)[0m   [0mCREATE TABLE "services" ("id" INTEGER PRIMARY KEY AUTOINCREMENT NOT NULL, "account_id" integer, "name" varchar(255), "description" text, "created_at" datetime, "updated_at" datetime) [0m
  [4;36;1mSQL (0.1ms)[0m   [0;1mINSERT INTO schema_migrations (version) VALUES ('20100819142228')[0m
  [4;35;1mSQL (0.3ms)[0m   [0m SELECT name
 FROM sqlite_master
 WHERE type = 'table' AND NOT name = 'sqlite_sequence'
[0m
  [4;36;1mSQL (0.1ms)[0m   [0;1mSELECT version FROM schema_migrations[0m
  [4;35;1mSQL (0.2ms)[0m   [0m SELECT name
 FROM sqlite_master
 WHERE type = 'table' AND NOT name = 'sqlite_sequence'
[0m
  [4;36;1mSQL (0.0ms)[0m   [0;1mPRAGMA index_list("accounts")[0m
  [4;35;1mSQL (0.1ms)[0m   [0mPRAGMA index_list("services")[0m


Processing AccountsController#index (for 127.0.0.1 at 2010-08-19 10:47:49) [GET]
  [4;36;1mAccount Load (0.5ms)[0m   [0;1mSELECT * FROM "accounts" [0m
Rendering template within layouts/accounts
Rendering accounts/index
Completed in 96ms (View: 7, DB: 1) | 200 OK [http://localhost/accounts]


Processing AccountsController#edit (for 127.0.0.1 at 2010-08-19 10:47:52) [GET]
  Parameters: {"id"=>"1"}
  [4;35;1mAccount Load (0.3ms)[0m   [0mSELECT * FROM "accounts" WHERE ("accounts"."id" = 1) [0m
Rendering template within layouts/accounts
Rendering accounts/edit
Completed in 20ms (View: 14, DB: 0) | 200 OK [http://localhost/accounts/1/edit]


Processing AccountsController#index (for 127.0.0.1 at 2010-08-19 10:47:54) [GET]
  [4;36;1mAccount Load (0.6ms)[0m   [0;1mSELECT * FROM "accounts" [0m
Rendering template within layouts/accounts
Rendering accounts/index
Completed in 80ms (View: 7, DB: 1) | 200 OK [http://localhost/accounts]


Processing AccountsController#show (for 127.0.0.1 at 2010-08-19 10:47:55) [GET]
  Parameters: {"id"=>"1"}
  [4;35;1mAccount Load (0.3ms)[0m   [0mSELECT * FROM "accounts" WHERE ("accounts"."id" = 1) [0m
Rendering template within layouts/accounts
Rendering accounts/show

ActionView::TemplateError (undefined method `rander' for #<ActionView::Base:0x1044609b0>) on line #36 of app/views/accounts/show.html.erb:
33: <%= link_to 'Back', accounts_path %>
34: 
35: <h2>Services</h2>
36: <%= rander :partial => @account.services %>
37: 
38: <% form_for [@account, Service.new] do |f| %>
39:   <p>

    app/views/accounts/show.html.erb:36
    app/controllers/accounts_controller.rb:21:in `show'

Rendered rescues/_trace (45.6ms)
Rendered rescues/_request_and_response (1.2ms)
Rendering rescues/layout (internal_server_error)


Processing AccountsController#show (for 127.0.0.1 at 2010-08-19 10:48:12) [GET]
  Parameters: {"id"=>"1"}
  [4;36;1mAccount Load (0.3ms)[0m   [0;1mSELECT * FROM "accounts" WHERE ("accounts"."id" = 1) [0m
Rendering template within layouts/accounts
Rendering accounts/show
  [4;35;1mService Load (0.2ms)[0m   [0mSELECT * FROM "services" WHERE ("services".account_id = 1) [0m
Completed in 142ms (View: 134, DB: 1) | 200 OK [http://localhost/accounts/1]


Processing ServicesController#create (for 127.0.0.1 at 2010-08-19 10:51:40) [POST]
  Parameters: {"commit"=>"Add Service", "service"=>{"name"=>"Email", "description"=>"Exchange mail service"}, "account_id"=>"1", "authenticity_token"=>"rTFWc9euo++xg8Oi8JJVc1U3HfLNESN+clwoythKcKo="}
  [4;36;1mAccount Load (0.3ms)[0m   [0;1mSELECT * FROM "accounts" WHERE ("accounts"."id" = 1) [0m
Redirected to http://localhost:3000/accounts/1
Completed in 13ms (DB: 0) | 302 Found [http://localhost/accounts/1/services]


Processing AccountsController#show (for 127.0.0.1 at 2010-08-19 10:51:40) [GET]
  Parameters: {"id"=>"1"}
  [4;35;1mAccount Load (0.3ms)[0m   [0mSELECT * FROM "accounts" WHERE ("accounts"."id" = 1) [0m
Rendering template within layouts/accounts
Rendering accounts/show
  [4;36;1mService Load (0.2ms)[0m   [0;1mSELECT * FROM "services" WHERE ("services".account_id = 1) [0m
Completed in 18ms (View: 11, DB: 1) | 200 OK [http://localhost/accounts/1]


Processing ServicesController#create (for 127.0.0.1 at 2010-08-19 10:54:11) [POST]
  Parameters: {"commit"=>"Add Service", "service"=>{"name"=>"Email", "description"=>"Email service"}, "account_id"=>"1", "authenticity_token"=>"rTFWc9euo++xg8Oi8JJVc1U3HfLNESN+clwoythKcKo="}
  [4;36;1mAccount Load (0.4ms)[0m   [0;1mSELECT * FROM "accounts" WHERE ("accounts"."id" = 1) [0m
  [4;35;1mService Create (0.7ms)[0m   [0mINSERT INTO "services" ("name", "created_at", "updated_at", "account_id", "description") VALUES('Email', '2010-08-19 14:57:42', '2010-08-19 14:57:42', 1, 'Email service')[0m
Redirected to http://localhost:3000/accounts/1
Completed in 287644ms (DB: 1) | 302 Found [http://localhost/accounts/1/services]


Processing AccountsController#show (for 127.0.0.1 at 2010-08-19 10:58:59) [GET]
  Parameters: {"id"=>"1"}
  [4;36;1mAccount Load (0.4ms)[0m   [0;1mSELECT * FROM "accounts" WHERE ("accounts"."id" = 1) [0m
Rendering template within layouts/accounts
Rendering accounts/show
  [4;35;1mService Load (0.4ms)[0m   [0mSELECT * FROM "services" WHERE ("services".account_id = 1) [0m
Rendered services/_service (1.4ms)
Completed in 53ms (View: 43, DB: 1) | 200 OK [http://localhost/accounts/1]


Processing AccountsController#index (for 127.0.0.1 at 2010-08-19 10:58:59) [GET]
  [4;36;1mAccount Load (0.7ms)[0m   [0;1mSELECT * FROM "accounts" [0m
Rendering template within layouts/accounts
Rendering accounts/index
Completed in 23ms (View: 15, DB: 1) | 200 OK [http://localhost/accounts]


Processing AccountsController#show (for 127.0.0.1 at 2010-08-19 10:59:07) [GET]
  Parameters: {"id"=>"1"}
  [4;35;1mAccount Load (0.4ms)[0m   [0mSELECT * FROM "accounts" WHERE ("accounts"."id" = 1) [0m
Rendering template within layouts/accounts
Rendering accounts/show
  [4;36;1mService Load (0.4ms)[0m   [0;1mSELECT * FROM "services" WHERE ("services".account_id = 1) [0m
Rendered services/_service (0.5ms)
Completed in 88ms (View: 14, DB: 1) | 200 OK [http://localhost/accounts/1]


Processing AccountsController#index (for 127.0.0.1 at 2010-08-19 11:00:32) [GET]
  [4;35;1mAccount Load (0.6ms)[0m   [0mSELECT * FROM "accounts" [0m
Rendering template within layouts/accounts
Rendering accounts/index
Completed in 15ms (View: 9, DB: 1) | 200 OK [http://localhost/accounts]


Processing AccountsController#show (for 127.0.0.1 at 2010-08-19 11:00:35) [GET]
  Parameters: {"id"=>"1"}
  [4;36;1mAccount Load (0.3ms)[0m   [0;1mSELECT * FROM "accounts" WHERE ("accounts"."id" = 1) [0m
Rendering template within layouts/accounts
Rendering accounts/show
  [4;35;1mService Load (0.4ms)[0m   [0mSELECT * FROM "services" WHERE ("services".account_id = 1) [0m
Rendered services/_service (0.5ms)
Completed in 24ms (View: 15, DB: 1) | 200 OK [http://localhost/accounts/1]


Processing ServicesController#create (for 127.0.0.1 at 2010-08-19 11:00:46) [POST]
  Parameters: {"commit"=>"Add Service", "service"=>{"name"=>"Teamspace", "description"=>"Company intranet"}, "account_id"=>"1", "authenticity_token"=>"rTFWc9euo++xg8Oi8JJVc1U3HfLNESN+clwoythKcKo="}
  [4;36;1mAccount Load (0.3ms)[0m   [0;1mSELECT * FROM "accounts" WHERE ("accounts"."id" = 1) [0m
  [4;35;1mService Create (0.4ms)[0m   [0mINSERT INTO "services" ("name", "created_at", "updated_at", "account_id", "description") VALUES('Teamspace', '2010-08-19 15:00:46', '2010-08-19 15:00:46', 1, 'Company intranet')[0m
Redirected to http://localhost:3000/accounts/1
Completed in 15483ms (DB: 1) | 302 Found [http://localhost/accounts/1/services]


Processing AccountsController#show (for 127.0.0.1 at 2010-08-19 11:01:01) [GET]
  Parameters: {"id"=>"1"}
  [4;36;1mAccount Load (0.4ms)[0m   [0;1mSELECT * FROM "accounts" WHERE ("accounts"."id" = 1) [0m
Rendering template within layouts/accounts
Rendering accounts/show
  [4;35;1mService Load (0.5ms)[0m   [0mSELECT * FROM "services" WHERE ("services".account_id = 1) [0m
Rendered services/_service (0.5ms)
Rendered services/_service (0.3ms)
Completed in 25ms (View: 16, DB: 1) | 200 OK [http://localhost/accounts/1]


Processing ServicesController#create (for 127.0.0.1 at 2010-08-19 11:01:49) [POST]
  Parameters: {"commit"=>"Add Service", "service"=>{"name"=>"Sonexis Bridge", "description"=>"Internal phone bridge"}, "account_id"=>"1", "authenticity_token"=>"rTFWc9euo++xg8Oi8JJVc1U3HfLNESN+clwoythKcKo="}
  [4;36;1mAccount Load (0.3ms)[0m   [0;1mSELECT * FROM "accounts" WHERE ("accounts"."id" = 1) [0m
  [4;35;1mService Create (0.5ms)[0m   [0mINSERT INTO "services" ("name", "created_at", "updated_at", "account_id", "description") VALUES('Sonexis Bridge', '2010-08-19 15:01:49', '2010-08-19 15:01:49', 1, 'Internal phone bridge')[0m
Redirected to http://localhost:3000/accounts/1
Completed in 26ms (DB: 1) | 302 Found [http://localhost/accounts/1/services]


Processing AccountsController#show (for 127.0.0.1 at 2010-08-19 11:01:49) [GET]
  Parameters: {"id"=>"1"}
  [4;36;1mAccount Load (0.3ms)[0m   [0;1mSELECT * FROM "accounts" WHERE ("accounts"."id" = 1) [0m
Rendering template within layouts/accounts
Rendering accounts/show
  [4;35;1mService Load (0.5ms)[0m   [0mSELECT * FROM "services" WHERE ("services".account_id = 1) [0m
Rendered services/_service (1.0ms)
Rendered services/_service (0.3ms)
Rendered services/_service (0.3ms)
Completed in 40ms (View: 32, DB: 1) | 200 OK [http://localhost/accounts/1]


Processing ServicesController#create (for 127.0.0.1 at 2010-08-19 11:10:12) [POST]
  Parameters: {"commit"=>"Add Service", "service"=>{"name"=>"New service", "description"=>"new test"}, "account_id"=>"1", "authenticity_token"=>"rTFWc9euo++xg8Oi8JJVc1U3HfLNESN+clwoythKcKo="}
  [4;36;1mAccount Load (0.4ms)[0m   [0;1mSELECT * FROM "accounts" WHERE ("accounts"."id" = 1) [0m
  [4;35;1mService Create (0.4ms)[0m   [0mINSERT INTO "services" ("name", "created_at", "updated_at", "account_id", "description") VALUES('New service', '2010-08-19 15:10:12', '2010-08-19 15:10:12', 1, 'new test')[0m
Redirected to http://localhost:3000/accounts/1
Completed in 43ms (DB: 1) | 302 Found [http://localhost/accounts/1/services]


Processing AccountsController#show (for 127.0.0.1 at 2010-08-19 11:10:12) [GET]
  Parameters: {"id"=>"1"}
  [4;36;1mAccount Load (0.3ms)[0m   [0;1mSELECT * FROM "accounts" WHERE ("accounts"."id" = 1) [0m
Rendering template within layouts/accounts
Rendering accounts/show
  [4;35;1mService Load (0.5ms)[0m   [0mSELECT * FROM "services" WHERE ("services".account_id = 1) [0m
Rendered services/_service (0.4ms)
Rendered services/_service (0.2ms)
Rendered services/_service (0.2ms)
Rendered services/_service (0.2ms)
Completed in 98ms (View: 24, DB: 1) | 200 OK [http://localhost/accounts/1]
  [4;36;1mSQL (0.4ms)[0m   [0;1m SELECT name
 FROM sqlite_master
 WHERE type = 'table' AND NOT name = 'sqlite_sequence'
[0m
  [4;35;1mSQL (0.2ms)[0m   [0mSELECT version FROM schema_migrations[0m
  [4;36;1mSQL (0.1ms)[0m   [0;1mselect sqlite_version(*)[0m
  [4;35;1mSQL (0.2ms)[0m   [0m SELECT name
 FROM sqlite_master
 WHERE type = 'table' AND NOT name = 'sqlite_sequence'
[0m
  [4;36;1mSQL (30.1ms)[0m   [0;1mCREATE TABLE "accounts" ("id" INTEGER PRIMARY KEY AUTOINCREMENT NOT NULL, "name" varchar(255), "contact_firstname" varchar(255), "contact_lastname" varchar(255), "contact_email" varchar(255), "start_date" date, "plan" varchar(255), "created_at" datetime, "updated_at" datetime) [0m
  [4;35;1mSQL (0.3ms)[0m   [0m SELECT name
 FROM sqlite_master
 WHERE type = 'table' AND NOT name = 'sqlite_sequence'
[0m
  [4;36;1mSQL (2.8ms)[0m   [0;1mCREATE TABLE "services" ("id" INTEGER PRIMARY KEY AUTOINCREMENT NOT NULL, "account_id" integer, "name" varchar(255), "description" text, "created_at" datetime, "updated_at" datetime) [0m
  [4;35;1mSQL (0.3ms)[0m   [0m SELECT name
 FROM sqlite_master
 WHERE type = 'table' AND NOT name = 'sqlite_sequence'
[0m
  [4;36;1mSQL (3.5ms)[0m   [0;1mCREATE TABLE "schema_migrations" ("version" varchar(255) NOT NULL) [0m
  [4;35;1mSQL (0.1ms)[0m   [0mPRAGMA index_list("schema_migrations")[0m
  [4;36;1mSQL (3.1ms)[0m   [0;1mCREATE UNIQUE INDEX "unique_schema_migrations" ON "schema_migrations" ("version")[0m
  [4;35;1mSQL (0.3ms)[0m   [0m SELECT name
 FROM sqlite_master
 WHERE type = 'table' AND NOT name = 'sqlite_sequence'
[0m
  [4;36;1mSQL (0.1ms)[0m   [0;1mSELECT version FROM "schema_migrations"[0m
  [4;35;1mSQL (3.1ms)[0m   [0mINSERT INTO "schema_migrations" (version) VALUES ('20100819142228')[0m
  [4;36;1mSQL (3.4ms)[0m   [0;1mINSERT INTO "schema_migrations" (version) VALUES ('20100819140611')[0m
  [4;36;1mAccount Load (0.5ms)[0m   [0;1mSELECT * FROM "accounts" LIMIT 1[0m
  [4;35;1mAccount Load (0.5ms)[0m   [0mSELECT * FROM "accounts" LIMIT 1[0m
  [4;36;1mAccount Load (0.4ms)[0m   [0;1mSELECT * FROM "accounts" LIMIT 1[0m
  [4;35;1mAccount Load (0.5ms)[0m   [0mSELECT * FROM "accounts" LIMIT 1[0m
  [4;36;1mAccount Update (0.5ms)[0m   [0;1mUPDATE "accounts" SET "updated_at" = '2010-08-19 15:18:23', "contact_firstname" = 'Aaron B.' WHERE "id" = 1[0m
  [4;35;1mAccount Load (0.7ms)[0m   [0mSELECT * FROM "accounts" LIMIT 1[0m
  [4;36;1mAccount Update (0.8ms)[0m   [0;1mUPDATE "accounts" SET "updated_at" = '2010-08-19 15:18:34', "contact_firstname" = 'Aaron' WHERE "id" = 1[0m
  [4;35;1mAccount Load (0.5ms)[0m   [0mSELECT * FROM "accounts" LIMIT 1[0m


Processing AccountsController#index (for 127.0.0.1 at 2010-08-19 14:24:46) [GET]
  [4;36;1mAccount Load (0.6ms)[0m   [0;1mSELECT * FROM "accounts" [0m
Rendering template within layouts/accounts
Rendering accounts/index
Completed in 18ms (View: 13, DB: 1) | 200 OK [http://localhost/accounts]


Processing AccountsController#index (for 127.0.0.1 at 2010-08-19 14:54:05) [GET]
  [4;35;1mAccount Load (0.5ms)[0m   [0mSELECT * FROM "accounts" [0m
Rendering template within layouts/accounts
Rendering accounts/index
Completed in 13ms (View: 8, DB: 1) | 200 OK [http://localhost/accounts]


Processing AccountsController#show (for 127.0.0.1 at 2010-08-19 14:54:07) [GET]
  Parameters: {"id"=>"1"}
  [4;36;1mAccount Load (0.2ms)[0m   [0;1mSELECT * FROM "accounts" WHERE ("accounts"."id" = 1) [0m
Rendering template within layouts/accounts
Rendering accounts/show
  [4;35;1mService Load (0.5ms)[0m   [0mSELECT * FROM "services" WHERE ("services".account_id = 1) [0m
Rendered services/_service (0.5ms)
Rendered services/_service (0.3ms)
Rendered services/_service (0.3ms)
Rendered services/_service (0.3ms)
Completed in 22ms (View: 15, DB: 1) | 200 OK [http://localhost/accounts/1]


Processing AccountsController#show (for 127.0.0.1 at 2010-08-19 17:14:24) [GET]
  Parameters: {"id"=>"1"}
  [4;36;1mAccount Load (0.3ms)[0m   [0;1mSELECT * FROM "accounts" WHERE ("accounts"."id" = 1) [0m
Rendering template within layouts/accounts
Rendering accounts/show
  [4;35;1mService Load (0.5ms)[0m   [0mSELECT * FROM "services" WHERE ("services".account_id = 1) [0m
Rendered services/_service (0.5ms)
Rendered services/_service (0.2ms)
Rendered services/_service (0.2ms)
Rendered services/_service (0.3ms)
Completed in 22ms (View: 15, DB: 1) | 200 OK [http://localhost/accounts/1]


Processing ServicesController#create (for 127.0.0.1 at 2010-08-19 17:14:39) [POST]
  Parameters: {"commit"=>"Add Service", "service"=>{"name"=>"Video Conference", "description"=>"video phones"}, "account_id"=>"1", "authenticity_token"=>"rTFWc9euo++xg8Oi8JJVc1U3HfLNESN+clwoythKcKo=", "_"=>""}
  [4;36;1mAccount Load (0.2ms)[0m   [0;1mSELECT * FROM "accounts" WHERE ("accounts"."id" = 1) [0m
  [4;35;1mService Create (0.4ms)[0m   [0mINSERT INTO "services" ("name", "created_at", "updated_at", "account_id", "description") VALUES('Video Conference', '2010-08-19 21:14:39', '2010-08-19 21:14:39', 1, 'video phones')[0m
Rendering services/create
Rendered services/_service (0.8ms)
Completed in 71ms (View: 7, DB: 1) | 200 OK [http://localhost/accounts/1/services]


Processing AccountsController#index (for 127.0.0.1 at 2010-08-19 17:14:56) [GET]
  [4;36;1mAccount Load (0.5ms)[0m   [0;1mSELECT * FROM "accounts" [0m
Rendering template within layouts/accounts
Rendering accounts/index
Completed in 13ms (View: 8, DB: 1) | 200 OK [http://localhost/accounts]


Processing AccountsController#show (for 127.0.0.1 at 2010-08-19 17:14:58) [GET]
  Parameters: {"id"=>"1"}
  [4;35;1mAccount Load (0.3ms)[0m   [0mSELECT * FROM "accounts" WHERE ("accounts"."id" = 1) [0m
Rendering template within layouts/accounts
Rendering accounts/show
  [4;36;1mService Load (0.5ms)[0m   [0;1mSELECT * FROM "services" WHERE ("services".account_id = 1) [0m
Rendered services/_service (0.4ms)
Rendered services/_service (0.3ms)
Rendered services/_service (0.2ms)
Rendered services/_service (0.2ms)
Rendered services/_service (0.2ms)
Completed in 22ms (View: 15, DB: 1) | 200 OK [http://localhost/accounts/1]


Processing AccountsController#index (for 127.0.0.1 at 2010-08-19 17:15:00) [GET]
  [4;35;1mAccount Load (0.5ms)[0m   [0mSELECT * FROM "accounts" [0m
Rendering template within layouts/accounts
Rendering accounts/index
Completed in 13ms (View: 8, DB: 1) | 200 OK [http://localhost/accounts]


Processing AccountsController#new (for 127.0.0.1 at 2010-08-19 17:15:02) [GET]
Filter chain halted as [:authenticate] rendered_or_redirected.
Completed in 1ms (View: 1, DB: 0) | 401 Unauthorized [http://localhost/accounts/new]


Processing AccountsController#new (for 127.0.0.1 at 2010-08-19 17:15:02) [GET]
Rendering template within layouts/accounts
Rendering accounts/new
Completed in 30ms (View: 24, DB: 0) | 200 OK [http://localhost/accounts/new]


Processing AccountsController#create (for 127.0.0.1 at 2010-08-19 17:15:27) [POST]
  Parameters: {"commit"=>"Create", "authenticity_token"=>"rTFWc9euo++xg8Oi8JJVc1U3HfLNESN+clwoythKcKo=", "account"=>{"plan"=>"no plan", "start_date(1i)"=>"2010", "name"=>"Spinnaker", "start_date(2i)"=>"8", "start_date(3i)"=>"19", "contact_lastname"=>"Wilson", "contact_email"=>"pete@rtc3.us", "contact_firstname"=>"Pete"}}
Filter chain halted as [:authenticate] rendered_or_redirected.
Completed in 1ms (View: 1, DB: 0) | 401 Unauthorized [http://localhost/accounts]


Processing AccountsController#create (for 127.0.0.1 at 2010-08-19 17:15:27) [POST]
  Parameters: {"commit"=>"Create", "authenticity_token"=>"rTFWc9euo++xg8Oi8JJVc1U3HfLNESN+clwoythKcKo=", "account"=>{"plan"=>"no plan", "start_date(1i)"=>"2010", "name"=>"Spinnaker", "start_date(2i)"=>"8", "start_date(3i)"=>"19", "contact_lastname"=>"Wilson", "contact_email"=>"pete@rtc3.us", "contact_firstname"=>"Pete"}}
  [4;36;1mAccount Create (0.4ms)[0m   [0;1mINSERT INTO "accounts" ("name", "start_date", "plan", "created_at", "updated_at", "contact_lastname", "contact_email", "contact_firstname") VALUES('Spinnaker', '2010-08-19', 'no plan', '2010-08-19 21:15:27', '2010-08-19 21:15:27', 'Wilson', 'pete@rtc3.us', 'Pete')[0m
Redirected to http://localhost:3000/accounts/2
Completed in 33ms (DB: 0) | 302 Found [http://localhost/accounts]


Processing AccountsController#show (for 127.0.0.1 at 2010-08-19 17:15:27) [GET]
  Parameters: {"id"=>"2"}
  [4;35;1mAccount Load (0.3ms)[0m   [0mSELECT * FROM "accounts" WHERE ("accounts"."id" = 2) [0m
Rendering template within layouts/accounts
Rendering accounts/show
  [4;36;1mService Load (0.2ms)[0m   [0;1mSELECT * FROM "services" WHERE ("services".account_id = 2) [0m
Completed in 19ms (View: 12, DB: 0) | 200 OK [http://localhost/accounts/2]


Processing ServicesController#create (for 127.0.0.1 at 2010-08-19 17:15:38) [POST]
  Parameters: {"commit"=>"Add Service", "service"=>{"name"=>"iPhone", "description"=>"mobile services"}, "account_id"=>"2", "authenticity_token"=>"rTFWc9euo++xg8Oi8JJVc1U3HfLNESN+clwoythKcKo=", "_"=>""}
  [4;35;1mAccount Load (0.2ms)[0m   [0mSELECT * FROM "accounts" WHERE ("accounts"."id" = 2) [0m
  [4;36;1mService Create (0.4ms)[0m   [0;1mINSERT INTO "services" ("name", "created_at", "updated_at", "account_id", "description") VALUES('iPhone', '2010-08-19 21:15:38', '2010-08-19 21:15:38', 2, 'mobile services')[0m
Rendering services/create
Rendered services/_service (0.4ms)
Completed in 69ms (View: 3, DB: 1) | 200 OK [http://localhost/accounts/2/services]
